2017-02-17 02:58:13.600+0000 INFO  Starting...
2017-02-17 02:58:15.600+0000 INFO  Bolt enabled on localhost:6998.
2017-02-17 02:58:19.342+0000 INFO  Started.
2017-02-17 02:58:21.149+0000 INFO  Remote interface available at http://localhost:7000/
2017-02-17 03:03:31.224+0000 ERROR Client triggered an unexpected error [UnknownError]: java.lang.NullPointerException. See debug.log for more details, reference 204503ee-539a-4185-ae14-711368e371d5.
2017-02-17 03:04:32.310+0000 ERROR Client triggered an unexpected error [UnknownError]: java.lang.NullPointerException. See debug.log for more details, reference 101d7810-f2fb-4f67-bd2f-a50507d0e3e8.
2017-02-17 03:05:36.172+0000 ERROR Client triggered an unexpected error [UnknownError]: java.lang.NullPointerException. See debug.log for more details, reference 43f138dd-ef56-4ce1-8e4c-1bd8efa82593.
2017-02-17 03:06:41.412+0000 ERROR Client triggered an unexpected error [UnknownError]: java.lang.NullPointerException. See debug.log for more details, reference e2a0c80b-c9f5-489d-837c-58d3899586ea.
2017-02-17 03:07:46.210+0000 ERROR Client triggered an unexpected error [UnknownError]: java.lang.NullPointerException. See debug.log for more details, reference 3a9aac38-28fc-4ca1-a76d-5e896142a69f.
2017-02-17 03:08:47.289+0000 ERROR Client triggered an unexpected error [UnknownError]: java.lang.NullPointerException. See debug.log for more details, reference c0d637f1-9ac2-46b3-a7f5-193a20abcc8b.
2017-02-17 03:09:52.223+0000 ERROR Client triggered an unexpected error [UnknownError]: java.lang.NullPointerException. See debug.log for more details, reference 6148da36-b188-4398-b467-0dee03b0118f.
2017-02-17 03:10:55.387+0000 ERROR Client triggered an unexpected error [UnknownError]: java.lang.NullPointerException. See debug.log for more details, reference 2d052564-c793-443e-8359-cea38600c1fb.
2017-02-17 03:12:00.025+0000 ERROR Client triggered an unexpected error [UnknownError]: java.lang.NullPointerException. See debug.log for more details, reference ef08cecf-2241-4481-b341-07be464c09e7.
2017-02-17 03:13:01.307+0000 ERROR Client triggered an unexpected error [UnknownError]: java.lang.NullPointerException. See debug.log for more details, reference dc026b1f-2ec9-413b-8628-a776b2f318cd.
2017-02-17 03:14:06.258+0000 ERROR Client triggered an unexpected error [UnknownError]: java.lang.NullPointerException. See debug.log for more details, reference e9a44629-20e8-4a6b-971b-be7cc1753e16.
2017-02-17 03:15:07.192+0000 ERROR Client triggered an unexpected error [UnknownError]: java.lang.NullPointerException. See debug.log for more details, reference 4fa72c47-ee80-4712-bf97-9426661542c9.
2017-02-17 03:16:08.426+0000 ERROR Client triggered an unexpected error [UnknownError]: java.lang.NullPointerException. See debug.log for more details, reference 82a82b23-0027-4de4-8488-0ba60957cc43.
2017-02-17 03:17:09.266+0000 ERROR Client triggered an unexpected error [UnknownError]: java.lang.NullPointerException. See debug.log for more details, reference 5407c3fb-41af-4ad4-8095-1e815d5d1f1e.
2017-02-17 03:18:10.256+0000 ERROR Client triggered an unexpected error [UnknownError]: java.lang.NullPointerException. See debug.log for more details, reference 775c0cf5-746e-496c-b986-dd760a872c56.
2017-02-17 03:19:11.713+0000 ERROR Client triggered an unexpected error [UnknownError]: java.lang.NullPointerException. See debug.log for more details, reference c1c55bf5-b20f-4e7e-ab9a-9598ee791d5a.
2017-02-17 03:20:12.220+0000 ERROR Client triggered an unexpected error [UnknownError]: java.lang.NullPointerException. See debug.log for more details, reference fc31d2c7-936f-4820-a9d2-721aeac0a286.
2017-02-17 03:21:13.516+0000 ERROR Client triggered an unexpected error [UnknownError]: java.lang.NullPointerException. See debug.log for more details, reference c8e11ec8-5774-4121-a7a9-52a6bdb79b71.
2017-02-17 03:22:14.422+0000 ERROR Client triggered an unexpected error [UnknownError]: java.lang.NullPointerException. See debug.log for more details, reference 6ac39f46-fb52-486a-a10c-1ac97f2e2d7b.
2017-02-17 03:23:15.559+0000 ERROR Client triggered an unexpected error [UnknownError]: java.lang.NullPointerException. See debug.log for more details, reference f2a11a4f-6d5e-44f3-9c73-02bd22d6402a.
2017-02-17 03:24:16.240+0000 ERROR Client triggered an unexpected error [UnknownError]: java.lang.NullPointerException. See debug.log for more details, reference 4eee052f-a8cf-449f-87c9-6247fd5247f9.
2017-02-17 03:25:17.799+0000 ERROR Client triggered an unexpected error [UnknownError]: java.lang.NullPointerException. See debug.log for more details, reference f5da6fb7-b04f-4ac2-9e64-cb7bf26a4911.
2017-02-17 03:26:19.004+0000 ERROR Client triggered an unexpected error [UnknownError]: java.lang.NullPointerException. See debug.log for more details, reference cb89a9d1-c394-41a8-9f9e-642bc370c81b.
2017-02-17 03:27:20.241+0000 ERROR Client triggered an unexpected error [UnknownError]: java.lang.NullPointerException. See debug.log for more details, reference 6b231b52-bbd4-416c-bff0-ce4ed50ec850.
2017-02-17 03:28:21.255+0000 ERROR Client triggered an unexpected error [UnknownError]: java.lang.NullPointerException. See debug.log for more details, reference 15870f04-cafc-45a3-a749-a5827f5f5f40.
2017-02-17 03:29:22.502+0000 ERROR Client triggered an unexpected error [UnknownError]: java.lang.NullPointerException. See debug.log for more details, reference c5834a99-0e03-476e-b42b-b2ee857ac920.
2017-02-17 03:30:23.239+0000 ERROR Client triggered an unexpected error [UnknownError]: java.lang.NullPointerException. See debug.log for more details, reference 050ac1fb-a539-4119-92af-317a18cf2110.
2017-02-17 03:31:24.733+0000 ERROR Client triggered an unexpected error [UnknownError]: java.lang.NullPointerException. See debug.log for more details, reference 801023c2-ef9b-425e-9936-0c917a8ec7d5.
2017-02-17 04:00:39.965+0000 ERROR Client triggered an unexpected error [UnknownError]: java.lang.NullPointerException. See debug.log for more details, reference fd39f88e-ffc9-42fe-8705-376609367265.
2017-02-17 04:01:00.434+0000 ERROR Client triggered an unexpected error [UnknownError]: java.lang.NullPointerException. See debug.log for more details, reference 90bbf943-c614-459b-b355-f44a5b0dc8ee.
2017-02-17 04:02:03.176+0000 ERROR Client triggered an unexpected error [UnknownError]: java.lang.NullPointerException. See debug.log for more details, reference ca7806c9-f145-47de-9112-78e7b8e5ddeb.
2017-02-17 04:03:04.721+0000 ERROR Client triggered an unexpected error [UnknownError]: java.lang.NullPointerException. See debug.log for more details, reference 83a0430a-721d-478f-8429-9efe97a23c48.
2017-02-17 04:04:08.293+0000 ERROR Client triggered an unexpected error [UnknownError]: java.lang.NullPointerException. See debug.log for more details, reference 3c8fd485-4b65-4f33-8aa9-af2e22665a86.
2017-02-17 04:05:09.656+0000 ERROR Client triggered an unexpected error [UnknownError]: java.lang.NullPointerException. See debug.log for more details, reference 5dc9718f-7daa-4cab-9c07-3e72d2a6485f.
2017-02-17 04:05:23.246+0000 ERROR The RuntimeException could not be mapped to a response, re-throwing to the HTTP container Database has encountered some problem, please perform necessary action (tx recovery/restart)
org.neo4j.graphdb.TransactionFailureException: Database has encountered some problem, please perform necessary action (tx recovery/restart)
	at org.neo4j.kernel.impl.factory.ClassicCoreSPI.beginTransaction(ClassicCoreSPI.java:181)
	at org.neo4j.kernel.impl.factory.GraphDatabaseFacade.beginTransactionInternal(GraphDatabaseFacade.java:578)
	at org.neo4j.kernel.impl.factory.GraphDatabaseFacade.beginTransaction(GraphDatabaseFacade.java:383)
	at org.neo4j.server.rest.transactional.TransactionalRequestDispatcher.dispatch(TransactionalRequestDispatcher.java:63)
	at com.sun.jersey.server.impl.uri.rules.HttpMethodRule.accept(HttpMethodRule.java:302)
	at com.sun.jersey.server.impl.uri.rules.RightHandPathRule.accept(RightHandPathRule.java:147)
	at com.sun.jersey.server.impl.uri.rules.ResourceClassRule.accept(ResourceClassRule.java:108)
	at com.sun.jersey.server.impl.uri.rules.RightHandPathRule.accept(RightHandPathRule.java:147)
	at com.sun.jersey.server.impl.uri.rules.RootResourceClassesRule.accept(RootResourceClassesRule.java:84)
	at com.sun.jersey.server.impl.application.WebApplicationImpl._handleRequest(WebApplicationImpl.java:1542)
	at com.sun.jersey.server.impl.application.WebApplicationImpl._handleRequest(WebApplicationImpl.java:1473)
	at com.sun.jersey.server.impl.application.WebApplicationImpl.handleRequest(WebApplicationImpl.java:1419)
	at com.sun.jersey.server.impl.application.WebApplicationImpl.handleRequest(WebApplicationImpl.java:1409)
	at com.sun.jersey.spi.container.servlet.WebComponent.service(WebComponent.java:409)
	at com.sun.jersey.spi.container.servlet.ServletContainer.service(ServletContainer.java:558)
	at com.sun.jersey.spi.container.servlet.ServletContainer.service(ServletContainer.java:733)
	at javax.servlet.http.HttpServlet.service(HttpServlet.java:790)
	at org.eclipse.jetty.servlet.ServletHolder.handle(ServletHolder.java:808)
	at org.eclipse.jetty.servlet.ServletHandler$CachedChain.doFilter(ServletHandler.java:1669)
	at org.neo4j.server.rest.dbms.AuthorizationDisabledFilter.doFilter(AuthorizationDisabledFilter.java:49)
	at org.eclipse.jetty.servlet.ServletHandler$CachedChain.doFilter(ServletHandler.java:1652)
	at org.neo4j.server.rest.web.CollectUserAgentFilter.doFilter(CollectUserAgentFilter.java:69)
	at org.eclipse.jetty.servlet.ServletHandler$CachedChain.doFilter(ServletHandler.java:1652)
	at org.eclipse.jetty.servlet.ServletHandler.doHandle(ServletHandler.java:585)
	at org.eclipse.jetty.server.session.SessionHandler.doHandle(SessionHandler.java:221)
	at org.eclipse.jetty.server.handler.ContextHandler.doHandle(ContextHandler.java:1127)
	at org.eclipse.jetty.servlet.ServletHandler.doScope(ServletHandler.java:515)
	at org.eclipse.jetty.server.session.SessionHandler.doScope(SessionHandler.java:185)
	at org.eclipse.jetty.server.handler.ContextHandler.doScope(ContextHandler.java:1061)
	at org.eclipse.jetty.server.handler.ScopedHandler.handle(ScopedHandler.java:141)
	at org.eclipse.jetty.server.handler.HandlerList.handle(HandlerList.java:52)
	at org.eclipse.jetty.server.handler.HandlerWrapper.handle(HandlerWrapper.java:97)
	at org.eclipse.jetty.server.Server.handle(Server.java:497)
	at org.eclipse.jetty.server.HttpChannel.handle(HttpChannel.java:310)
	at org.eclipse.jetty.server.HttpConnection.onFillable(HttpConnection.java:257)
	at org.eclipse.jetty.io.AbstractConnection$2.run(AbstractConnection.java:540)
	at org.eclipse.jetty.util.thread.QueuedThreadPool.runJob(QueuedThreadPool.java:635)
	at org.eclipse.jetty.util.thread.QueuedThreadPool$3.run(QueuedThreadPool.java:555)
	at java.lang.Thread.run(Thread.java:745)
Caused by: org.neo4j.kernel.api.exceptions.TransactionFailureException: Database has encountered some problem, please perform necessary action (tx recovery/restart)
	at sun.reflect.NativeConstructorAccessorImpl.newInstance0(Native Method)
	at sun.reflect.NativeConstructorAccessorImpl.newInstance(NativeConstructorAccessorImpl.java:62)
	at sun.reflect.DelegatingConstructorAccessorImpl.newInstance(DelegatingConstructorAccessorImpl.java:45)
	at java.lang.reflect.Constructor.newInstance(Constructor.java:423)
	at org.neo4j.kernel.internal.DatabaseHealth.assertHealthy(DatabaseHealth.java:62)
	at org.neo4j.kernel.impl.api.Kernel.newTransaction(Kernel.java:99)
	at org.neo4j.kernel.impl.factory.ClassicCoreSPI.beginTransaction(ClassicCoreSPI.java:173)
	... 38 more
Caused by: java.util.concurrent.ExecutionException: org.neo4j.kernel.impl.store.UnderlyingStorageException: java.nio.file.NoSuchFileException: /Users/mrudulavysyaraju/Desktop/twitter_project/asset_portal/db/neo4j/development/data/databases/graph.db/schema/label/lucene/labelStore/1/write.lock
	at org.neo4j.concurrent.WorkSync.checkFailure(WorkSync.java:135)
	at org.neo4j.concurrent.WorkSync.apply(WorkSync.java:91)
	at org.neo4j.kernel.impl.transaction.command.IndexBatchTransactionApplier.close(IndexBatchTransactionApplier.java:112)
	at org.neo4j.kernel.impl.api.BatchTransactionApplierFacade.close(BatchTransactionApplierFacade.java:70)
	at org.neo4j.kernel.impl.storageengine.impl.recordstorage.RecordStorageEngine.apply(RecordStorageEngine.java:354)
	at org.neo4j.kernel.impl.api.TransactionRepresentationCommitProcess.applyToStore(TransactionRepresentationCommitProcess.java:78)
	at org.neo4j.kernel.impl.api.TransactionRepresentationCommitProcess.commit(TransactionRepresentationCommitProcess.java:51)
	at org.neo4j.kernel.impl.api.KernelTransactionImplementation.commit(KernelTransactionImplementation.java:608)
	at org.neo4j.kernel.impl.api.KernelTransactionImplementation.closeTransaction(KernelTransactionImplementation.java:484)
	at org.neo4j.kernel.api.KernelTransaction.close(KernelTransaction.java:135)
	at org.neo4j.server.rest.transactional.TransitionalTxManagementKernelTransaction.commit(TransitionalTxManagementKernelTransaction.java:97)
	at org.neo4j.server.rest.transactional.TransactionHandle.closeContextAndCollectErrors(TransactionHandle.java:250)
	at org.neo4j.server.rest.transactional.TransactionHandle.commit(TransactionHandle.java:158)
	at org.neo4j.server.rest.web.TransactionalService.lambda$executeStatementsAndCommit$1(TransactionalService.java:216)
	at com.sun.jersey.core.impl.provider.entity.StreamingOutputProvider.writeTo(StreamingOutputProvider.java:71)
	at com.sun.jersey.core.impl.provider.entity.StreamingOutputProvider.writeTo(StreamingOutputProvider.java:57)
	at com.sun.jersey.spi.container.ContainerResponse.write(ContainerResponse.java:302)
	at com.sun.jersey.server.impl.application.WebApplicationImpl._handleRequest(WebApplicationImpl.java:1510)
	... 28 more
Caused by: org.neo4j.kernel.impl.store.UnderlyingStorageException: java.nio.file.NoSuchFileException: /Users/mrudulavysyaraju/Desktop/twitter_project/asset_portal/db/neo4j/development/data/databases/graph.db/schema/label/lucene/labelStore/1/write.lock
	at org.neo4j.kernel.impl.transaction.command.LabelUpdateWork.apply(LabelUpdateWork.java:62)
	at org.neo4j.kernel.impl.transaction.command.LabelUpdateWork.apply(LabelUpdateWork.java:33)
	at org.neo4j.concurrent.WorkSync.doSynchronizedWork(WorkSync.java:184)
	at org.neo4j.concurrent.WorkSync.tryDoWork(WorkSync.java:110)
	... 45 more
Caused by: java.nio.file.NoSuchFileException: /Users/mrudulavysyaraju/Desktop/twitter_project/asset_portal/db/neo4j/development/data/databases/graph.db/schema/label/lucene/labelStore/1/write.lock
	at sun.nio.fs.UnixException.translateToIOException(UnixException.java:86)
	at sun.nio.fs.UnixException.rethrowAsIOException(UnixException.java:102)
	at sun.nio.fs.UnixException.rethrowAsIOException(UnixException.java:107)
	at sun.nio.fs.UnixFileAttributeViews$Basic.readAttributes(UnixFileAttributeViews.java:55)
	at sun.nio.fs.UnixFileSystemProvider.readAttributes(UnixFileSystemProvider.java:144)
	at java.nio.file.Files.readAttributes(Files.java:1737)
	at org.apache.lucene.store.NativeFSLockFactory$NativeFSLock.ensureValid(NativeFSLockFactory.java:177)
	at org.apache.lucene.store.LockValidatingDirectoryWrapper.createOutput(LockValidatingDirectoryWrapper.java:43)
	at org.apache.lucene.store.TrackingDirectoryWrapper.createOutput(TrackingDirectoryWrapper.java:43)
	at org.apache.lucene.codecs.compressing.CompressingStoredFieldsWriter.<init>(CompressingStoredFieldsWriter.java:108)
	at org.apache.lucene.codecs.compressing.CompressingStoredFieldsFormat.fieldsWriter(CompressingStoredFieldsFormat.java:128)
	at org.apache.lucene.codecs.lucene50.Lucene50StoredFieldsFormat.fieldsWriter(Lucene50StoredFieldsFormat.java:183)
	at org.apache.lucene.index.DefaultIndexingChain.initStoredFieldsWriter(DefaultIndexingChain.java:81)
	at org.apache.lucene.index.DefaultIndexingChain.startStoredFields(DefaultIndexingChain.java:279)
	at org.apache.lucene.index.DefaultIndexingChain.processDocument(DefaultIndexingChain.java:316)
	at org.apache.lucene.index.DocumentsWriterPerThread.updateDocument(DocumentsWriterPerThread.java:234)
	at org.apache.lucene.index.DocumentsWriter.updateDocument(DocumentsWriter.java:450)
	at org.apache.lucene.index.IndexWriter.updateDocument(IndexWriter.java:1477)
	at org.neo4j.kernel.api.impl.labelscan.writer.PartitionedLuceneLabelScanWriter.flush(PartitionedLuceneLabelScanWriter.java:157)
	at org.neo4j.kernel.api.impl.labelscan.writer.PartitionedLuceneLabelScanWriter.close(PartitionedLuceneLabelScanWriter.java:99)
	at org.neo4j.kernel.impl.transaction.command.LabelUpdateWork.apply(LabelUpdateWork.java:59)
	... 48 more
2017-02-17 04:05:23.247+0000 WARN  /db/data/schema/constraint Database has encountered some problem, please perform necessary action (tx recovery/restart)
org.neo4j.graphdb.TransactionFailureException: Database has encountered some problem, please perform necessary action (tx recovery/restart)
	at org.neo4j.kernel.impl.factory.ClassicCoreSPI.beginTransaction(ClassicCoreSPI.java:181)
	at org.neo4j.kernel.impl.factory.GraphDatabaseFacade.beginTransactionInternal(GraphDatabaseFacade.java:578)
	at org.neo4j.kernel.impl.factory.GraphDatabaseFacade.beginTransaction(GraphDatabaseFacade.java:383)
	at org.neo4j.server.rest.transactional.TransactionalRequestDispatcher.dispatch(TransactionalRequestDispatcher.java:63)
	at com.sun.jersey.server.impl.uri.rules.HttpMethodRule.accept(HttpMethodRule.java:302)
	at com.sun.jersey.server.impl.uri.rules.RightHandPathRule.accept(RightHandPathRule.java:147)
	at com.sun.jersey.server.impl.uri.rules.ResourceClassRule.accept(ResourceClassRule.java:108)
	at com.sun.jersey.server.impl.uri.rules.RightHandPathRule.accept(RightHandPathRule.java:147)
	at com.sun.jersey.server.impl.uri.rules.RootResourceClassesRule.accept(RootResourceClassesRule.java:84)
	at com.sun.jersey.server.impl.application.WebApplicationImpl._handleRequest(WebApplicationImpl.java:1542)
	at com.sun.jersey.server.impl.application.WebApplicationImpl._handleRequest(WebApplicationImpl.java:1473)
	at com.sun.jersey.server.impl.application.WebApplicationImpl.handleRequest(WebApplicationImpl.java:1419)
	at com.sun.jersey.server.impl.application.WebApplicationImpl.handleRequest(WebApplicationImpl.java:1409)
	at com.sun.jersey.spi.container.servlet.WebComponent.service(WebComponent.java:409)
	at com.sun.jersey.spi.container.servlet.ServletContainer.service(ServletContainer.java:558)
	at com.sun.jersey.spi.container.servlet.ServletContainer.service(ServletContainer.java:733)
	at javax.servlet.http.HttpServlet.service(HttpServlet.java:790)
	at org.eclipse.jetty.servlet.ServletHolder.handle(ServletHolder.java:808)
	at org.eclipse.jetty.servlet.ServletHandler$CachedChain.doFilter(ServletHandler.java:1669)
	at org.neo4j.server.rest.dbms.AuthorizationDisabledFilter.doFilter(AuthorizationDisabledFilter.java:49)
	at org.eclipse.jetty.servlet.ServletHandler$CachedChain.doFilter(ServletHandler.java:1652)
	at org.neo4j.server.rest.web.CollectUserAgentFilter.doFilter(CollectUserAgentFilter.java:69)
	at org.eclipse.jetty.servlet.ServletHandler$CachedChain.doFilter(ServletHandler.java:1652)
	at org.eclipse.jetty.servlet.ServletHandler.doHandle(ServletHandler.java:585)
	at org.eclipse.jetty.server.session.SessionHandler.doHandle(SessionHandler.java:221)
	at org.eclipse.jetty.server.handler.ContextHandler.doHandle(ContextHandler.java:1127)
	at org.eclipse.jetty.servlet.ServletHandler.doScope(ServletHandler.java:515)
	at org.eclipse.jetty.server.session.SessionHandler.doScope(SessionHandler.java:185)
	at org.eclipse.jetty.server.handler.ContextHandler.doScope(ContextHandler.java:1061)
	at org.eclipse.jetty.server.handler.ScopedHandler.handle(ScopedHandler.java:141)
	at org.eclipse.jetty.server.handler.HandlerList.handle(HandlerList.java:52)
	at org.eclipse.jetty.server.handler.HandlerWrapper.handle(HandlerWrapper.java:97)
	at org.eclipse.jetty.server.Server.handle(Server.java:497)
	at org.eclipse.jetty.server.HttpChannel.handle(HttpChannel.java:310)
	at org.eclipse.jetty.server.HttpConnection.onFillable(HttpConnection.java:257)
	at org.eclipse.jetty.io.AbstractConnection$2.run(AbstractConnection.java:540)
	at org.eclipse.jetty.util.thread.QueuedThreadPool.runJob(QueuedThreadPool.java:635)
	at org.eclipse.jetty.util.thread.QueuedThreadPool$3.run(QueuedThreadPool.java:555)
	at java.lang.Thread.run(Thread.java:745)
Caused by: org.neo4j.kernel.api.exceptions.TransactionFailureException: Database has encountered some problem, please perform necessary action (tx recovery/restart)
	at sun.reflect.NativeConstructorAccessorImpl.newInstance0(Native Method)
	at sun.reflect.NativeConstructorAccessorImpl.newInstance(NativeConstructorAccessorImpl.java:62)
	at sun.reflect.DelegatingConstructorAccessorImpl.newInstance(DelegatingConstructorAccessorImpl.java:45)
	at java.lang.reflect.Constructor.newInstance(Constructor.java:423)
	at org.neo4j.kernel.internal.DatabaseHealth.assertHealthy(DatabaseHealth.java:62)
	at org.neo4j.kernel.impl.api.Kernel.newTransaction(Kernel.java:99)
	at org.neo4j.kernel.impl.factory.ClassicCoreSPI.beginTransaction(ClassicCoreSPI.java:173)
	... 38 more
Caused by: java.util.concurrent.ExecutionException: org.neo4j.kernel.impl.store.UnderlyingStorageException: java.nio.file.NoSuchFileException: /Users/mrudulavysyaraju/Desktop/twitter_project/asset_portal/db/neo4j/development/data/databases/graph.db/schema/label/lucene/labelStore/1/write.lock
	at org.neo4j.concurrent.WorkSync.checkFailure(WorkSync.java:135)
	at org.neo4j.concurrent.WorkSync.apply(WorkSync.java:91)
	at org.neo4j.kernel.impl.transaction.command.IndexBatchTransactionApplier.close(IndexBatchTransactionApplier.java:112)
	at org.neo4j.kernel.impl.api.BatchTransactionApplierFacade.close(BatchTransactionApplierFacade.java:70)
	at org.neo4j.kernel.impl.storageengine.impl.recordstorage.RecordStorageEngine.apply(RecordStorageEngine.java:354)
	at org.neo4j.kernel.impl.api.TransactionRepresentationCommitProcess.applyToStore(TransactionRepresentationCommitProcess.java:78)
	at org.neo4j.kernel.impl.api.TransactionRepresentationCommitProcess.commit(TransactionRepresentationCommitProcess.java:51)
	at org.neo4j.kernel.impl.api.KernelTransactionImplementation.commit(KernelTransactionImplementation.java:608)
	at org.neo4j.kernel.impl.api.KernelTransactionImplementation.closeTransaction(KernelTransactionImplementation.java:484)
	at org.neo4j.kernel.api.KernelTransaction.close(KernelTransaction.java:135)
	at org.neo4j.server.rest.transactional.TransitionalTxManagementKernelTransaction.commit(TransitionalTxManagementKernelTransaction.java:97)
	at org.neo4j.server.rest.transactional.TransactionHandle.closeContextAndCollectErrors(TransactionHandle.java:250)
	at org.neo4j.server.rest.transactional.TransactionHandle.commit(TransactionHandle.java:158)
	at org.neo4j.server.rest.web.TransactionalService.lambda$executeStatementsAndCommit$1(TransactionalService.java:216)
	at com.sun.jersey.core.impl.provider.entity.StreamingOutputProvider.writeTo(StreamingOutputProvider.java:71)
	at com.sun.jersey.core.impl.provider.entity.StreamingOutputProvider.writeTo(StreamingOutputProvider.java:57)
	at com.sun.jersey.spi.container.ContainerResponse.write(ContainerResponse.java:302)
	at com.sun.jersey.server.impl.application.WebApplicationImpl._handleRequest(WebApplicationImpl.java:1510)
	... 28 more
Caused by: org.neo4j.kernel.impl.store.UnderlyingStorageException: java.nio.file.NoSuchFileException: /Users/mrudulavysyaraju/Desktop/twitter_project/asset_portal/db/neo4j/development/data/databases/graph.db/schema/label/lucene/labelStore/1/write.lock
	at org.neo4j.kernel.impl.transaction.command.LabelUpdateWork.apply(LabelUpdateWork.java:62)
	at org.neo4j.kernel.impl.transaction.command.LabelUpdateWork.apply(LabelUpdateWork.java:33)
	at org.neo4j.concurrent.WorkSync.doSynchronizedWork(WorkSync.java:184)
	at org.neo4j.concurrent.WorkSync.tryDoWork(WorkSync.java:110)
	... 45 more
Caused by: java.nio.file.NoSuchFileException: /Users/mrudulavysyaraju/Desktop/twitter_project/asset_portal/db/neo4j/development/data/databases/graph.db/schema/label/lucene/labelStore/1/write.lock
	at sun.nio.fs.UnixException.translateToIOException(UnixException.java:86)
	at sun.nio.fs.UnixException.rethrowAsIOException(UnixException.java:102)
	at sun.nio.fs.UnixException.rethrowAsIOException(UnixException.java:107)
	at sun.nio.fs.UnixFileAttributeViews$Basic.readAttributes(UnixFileAttributeViews.java:55)
	at sun.nio.fs.UnixFileSystemProvider.readAttributes(UnixFileSystemProvider.java:144)
	at java.nio.file.Files.readAttributes(Files.java:1737)
	at org.apache.lucene.store.NativeFSLockFactory$NativeFSLock.ensureValid(NativeFSLockFactory.java:177)
	at org.apache.lucene.store.LockValidatingDirectoryWrapper.createOutput(LockValidatingDirectoryWrapper.java:43)
	at org.apache.lucene.store.TrackingDirectoryWrapper.createOutput(TrackingDirectoryWrapper.java:43)
	at org.apache.lucene.codecs.compressing.CompressingStoredFieldsWriter.<init>(CompressingStoredFieldsWriter.java:108)
	at org.apache.lucene.codecs.compressing.CompressingStoredFieldsFormat.fieldsWriter(CompressingStoredFieldsFormat.java:128)
	at org.apache.lucene.codecs.lucene50.Lucene50StoredFieldsFormat.fieldsWriter(Lucene50StoredFieldsFormat.java:183)
	at org.apache.lucene.index.DefaultIndexingChain.initStoredFieldsWriter(DefaultIndexingChain.java:81)
	at org.apache.lucene.index.DefaultIndexingChain.startStoredFields(DefaultIndexingChain.java:279)
	at org.apache.lucene.index.DefaultIndexingChain.processDocument(DefaultIndexingChain.java:316)
	at org.apache.lucene.index.DocumentsWriterPerThread.updateDocument(DocumentsWriterPerThread.java:234)
	at org.apache.lucene.index.DocumentsWriter.updateDocument(DocumentsWriter.java:450)
	at org.apache.lucene.index.IndexWriter.updateDocument(IndexWriter.java:1477)
	at org.neo4j.kernel.api.impl.labelscan.writer.PartitionedLuceneLabelScanWriter.flush(PartitionedLuceneLabelScanWriter.java:157)
	at org.neo4j.kernel.api.impl.labelscan.writer.PartitionedLuceneLabelScanWriter.close(PartitionedLuceneLabelScanWriter.java:99)
	at org.neo4j.kernel.impl.transaction.command.LabelUpdateWork.apply(LabelUpdateWork.java:59)
	... 48 more
2017-02-17 04:05:23.257+0000 ERROR Failed to start transaction. Database has encountered some problem, please perform necessary action (tx recovery/restart)
org.neo4j.graphdb.TransactionFailureException: Database has encountered some problem, please perform necessary action (tx recovery/restart)
	at org.neo4j.kernel.impl.factory.ClassicCoreSPI.beginTransaction(ClassicCoreSPI.java:181)
	at org.neo4j.kernel.impl.factory.GraphDatabaseFacade.beginTransactionInternal(GraphDatabaseFacade.java:578)
	at org.neo4j.kernel.impl.factory.GraphDatabaseFacade.beginTransaction(GraphDatabaseFacade.java:383)
	at org.neo4j.server.rest.transactional.TransitionalTxManagementKernelTransaction.startTransaction(TransitionalTxManagementKernelTransaction.java:123)
	at org.neo4j.server.rest.transactional.TransitionalTxManagementKernelTransaction.<init>(TransitionalTxManagementKernelTransaction.java:51)
	at org.neo4j.server.rest.transactional.TransitionalPeriodTransactionMessContainer.newTransaction(TransitionalPeriodTransactionMessContainer.java:54)
	at org.neo4j.server.rest.transactional.TransactionHandle.ensureActiveTransaction(TransactionHandle.java:213)
	at org.neo4j.server.rest.transactional.TransactionHandle.execute(TransactionHandle.java:118)
	at org.neo4j.server.rest.web.TransactionalService.lambda$executeStatements$0(TransactionalService.java:203)
	at com.sun.jersey.core.impl.provider.entity.StreamingOutputProvider.writeTo(StreamingOutputProvider.java:71)
	at com.sun.jersey.core.impl.provider.entity.StreamingOutputProvider.writeTo(StreamingOutputProvider.java:57)
	at com.sun.jersey.spi.container.ContainerResponse.write(ContainerResponse.java:302)
	at com.sun.jersey.server.impl.application.WebApplicationImpl._handleRequest(WebApplicationImpl.java:1510)
	at com.sun.jersey.server.impl.application.WebApplicationImpl.handleRequest(WebApplicationImpl.java:1419)
	at com.sun.jersey.server.impl.application.WebApplicationImpl.handleRequest(WebApplicationImpl.java:1409)
	at com.sun.jersey.spi.container.servlet.WebComponent.service(WebComponent.java:409)
	at com.sun.jersey.spi.container.servlet.ServletContainer.service(ServletContainer.java:558)
	at com.sun.jersey.spi.container.servlet.ServletContainer.service(ServletContainer.java:733)
	at javax.servlet.http.HttpServlet.service(HttpServlet.java:790)
	at org.eclipse.jetty.servlet.ServletHolder.handle(ServletHolder.java:808)
	at org.eclipse.jetty.servlet.ServletHandler$CachedChain.doFilter(ServletHandler.java:1669)
	at org.neo4j.server.rest.dbms.AuthorizationDisabledFilter.doFilter(AuthorizationDisabledFilter.java:49)
	at org.eclipse.jetty.servlet.ServletHandler$CachedChain.doFilter(ServletHandler.java:1652)
	at org.neo4j.server.rest.web.CollectUserAgentFilter.doFilter(CollectUserAgentFilter.java:69)
	at org.eclipse.jetty.servlet.ServletHandler$CachedChain.doFilter(ServletHandler.java:1652)
	at org.eclipse.jetty.servlet.ServletHandler.doHandle(ServletHandler.java:585)
	at org.eclipse.jetty.server.session.SessionHandler.doHandle(SessionHandler.java:221)
	at org.eclipse.jetty.server.handler.ContextHandler.doHandle(ContextHandler.java:1127)
	at org.eclipse.jetty.servlet.ServletHandler.doScope(ServletHandler.java:515)
	at org.eclipse.jetty.server.session.SessionHandler.doScope(SessionHandler.java:185)
	at org.eclipse.jetty.server.handler.ContextHandler.doScope(ContextHandler.java:1061)
	at org.eclipse.jetty.server.handler.ScopedHandler.handle(ScopedHandler.java:141)
	at org.eclipse.jetty.server.handler.HandlerList.handle(HandlerList.java:52)
	at org.eclipse.jetty.server.handler.HandlerWrapper.handle(HandlerWrapper.java:97)
	at org.eclipse.jetty.server.Server.handle(Server.java:497)
	at org.eclipse.jetty.server.HttpChannel.handle(HttpChannel.java:310)
	at org.eclipse.jetty.server.HttpConnection.onFillable(HttpConnection.java:257)
	at org.eclipse.jetty.io.AbstractConnection$2.run(AbstractConnection.java:540)
	at org.eclipse.jetty.util.thread.QueuedThreadPool.runJob(QueuedThreadPool.java:635)
	at org.eclipse.jetty.util.thread.QueuedThreadPool$3.run(QueuedThreadPool.java:555)
	at java.lang.Thread.run(Thread.java:745)
Caused by: org.neo4j.kernel.api.exceptions.TransactionFailureException: Database has encountered some problem, please perform necessary action (tx recovery/restart)
	at sun.reflect.NativeConstructorAccessorImpl.newInstance0(Native Method)
	at sun.reflect.NativeConstructorAccessorImpl.newInstance(NativeConstructorAccessorImpl.java:62)
	at sun.reflect.DelegatingConstructorAccessorImpl.newInstance(DelegatingConstructorAccessorImpl.java:45)
	at java.lang.reflect.Constructor.newInstance(Constructor.java:423)
	at org.neo4j.kernel.internal.DatabaseHealth.assertHealthy(DatabaseHealth.java:62)
	at org.neo4j.kernel.impl.api.Kernel.newTransaction(Kernel.java:99)
	at org.neo4j.kernel.impl.factory.ClassicCoreSPI.beginTransaction(ClassicCoreSPI.java:173)
	... 40 more
Caused by: java.util.concurrent.ExecutionException: org.neo4j.kernel.impl.store.UnderlyingStorageException: java.nio.file.NoSuchFileException: /Users/mrudulavysyaraju/Desktop/twitter_project/asset_portal/db/neo4j/development/data/databases/graph.db/schema/label/lucene/labelStore/1/write.lock
	at org.neo4j.concurrent.WorkSync.checkFailure(WorkSync.java:135)
	at org.neo4j.concurrent.WorkSync.apply(WorkSync.java:91)
	at org.neo4j.kernel.impl.transaction.command.IndexBatchTransactionApplier.close(IndexBatchTransactionApplier.java:112)
	at org.neo4j.kernel.impl.api.BatchTransactionApplierFacade.close(BatchTransactionApplierFacade.java:70)
	at org.neo4j.kernel.impl.storageengine.impl.recordstorage.RecordStorageEngine.apply(RecordStorageEngine.java:354)
	at org.neo4j.kernel.impl.api.TransactionRepresentationCommitProcess.applyToStore(TransactionRepresentationCommitProcess.java:78)
	at org.neo4j.kernel.impl.api.TransactionRepresentationCommitProcess.commit(TransactionRepresentationCommitProcess.java:51)
	at org.neo4j.kernel.impl.api.KernelTransactionImplementation.commit(KernelTransactionImplementation.java:608)
	at org.neo4j.kernel.impl.api.KernelTransactionImplementation.closeTransaction(KernelTransactionImplementation.java:484)
	at org.neo4j.kernel.api.KernelTransaction.close(KernelTransaction.java:135)
	at org.neo4j.server.rest.transactional.TransitionalTxManagementKernelTransaction.commit(TransitionalTxManagementKernelTransaction.java:97)
	at org.neo4j.server.rest.transactional.TransactionHandle.closeContextAndCollectErrors(TransactionHandle.java:250)
	at org.neo4j.server.rest.transactional.TransactionHandle.commit(TransactionHandle.java:158)
	at org.neo4j.server.rest.web.TransactionalService.lambda$executeStatementsAndCommit$1(TransactionalService.java:216)
	... 32 more
Caused by: org.neo4j.kernel.impl.store.UnderlyingStorageException: java.nio.file.NoSuchFileException: /Users/mrudulavysyaraju/Desktop/twitter_project/asset_portal/db/neo4j/development/data/databases/graph.db/schema/label/lucene/labelStore/1/write.lock
	at org.neo4j.kernel.impl.transaction.command.LabelUpdateWork.apply(LabelUpdateWork.java:62)
	at org.neo4j.kernel.impl.transaction.command.LabelUpdateWork.apply(LabelUpdateWork.java:33)
	at org.neo4j.concurrent.WorkSync.doSynchronizedWork(WorkSync.java:184)
	at org.neo4j.concurrent.WorkSync.tryDoWork(WorkSync.java:110)
	... 45 more
Caused by: java.nio.file.NoSuchFileException: /Users/mrudulavysyaraju/Desktop/twitter_project/asset_portal/db/neo4j/development/data/databases/graph.db/schema/label/lucene/labelStore/1/write.lock
	at sun.nio.fs.UnixException.translateToIOException(UnixException.java:86)
	at sun.nio.fs.UnixException.rethrowAsIOException(UnixException.java:102)
	at sun.nio.fs.UnixException.rethrowAsIOException(UnixException.java:107)
	at sun.nio.fs.UnixFileAttributeViews$Basic.readAttributes(UnixFileAttributeViews.java:55)
	at sun.nio.fs.UnixFileSystemProvider.readAttributes(UnixFileSystemProvider.java:144)
	at java.nio.file.Files.readAttributes(Files.java:1737)
	at org.apache.lucene.store.NativeFSLockFactory$NativeFSLock.ensureValid(NativeFSLockFactory.java:177)
	at org.apache.lucene.store.LockValidatingDirectoryWrapper.createOutput(LockValidatingDirectoryWrapper.java:43)
	at org.apache.lucene.store.TrackingDirectoryWrapper.createOutput(TrackingDirectoryWrapper.java:43)
	at org.apache.lucene.codecs.compressing.CompressingStoredFieldsWriter.<init>(CompressingStoredFieldsWriter.java:108)
	at org.apache.lucene.codecs.compressing.CompressingStoredFieldsFormat.fieldsWriter(CompressingStoredFieldsFormat.java:128)
	at org.apache.lucene.codecs.lucene50.Lucene50StoredFieldsFormat.fieldsWriter(Lucene50StoredFieldsFormat.java:183)
	at org.apache.lucene.index.DefaultIndexingChain.initStoredFieldsWriter(DefaultIndexingChain.java:81)
	at org.apache.lucene.index.DefaultIndexingChain.startStoredFields(DefaultIndexingChain.java:279)
	at org.apache.lucene.index.DefaultIndexingChain.processDocument(DefaultIndexingChain.java:316)
	at org.apache.lucene.index.DocumentsWriterPerThread.updateDocument(DocumentsWriterPerThread.java:234)
	at org.apache.lucene.index.DocumentsWriter.updateDocument(DocumentsWriter.java:450)
	at org.apache.lucene.index.IndexWriter.updateDocument(IndexWriter.java:1477)
	at org.neo4j.kernel.api.impl.labelscan.writer.PartitionedLuceneLabelScanWriter.flush(PartitionedLuceneLabelScanWriter.java:157)
	at org.neo4j.kernel.api.impl.labelscan.writer.PartitionedLuceneLabelScanWriter.close(PartitionedLuceneLabelScanWriter.java:99)
	at org.neo4j.kernel.impl.transaction.command.LabelUpdateWork.apply(LabelUpdateWork.java:59)
	... 48 more
2017-02-17 04:05:55.409+0000 ERROR The RuntimeException could not be mapped to a response, re-throwing to the HTTP container Database has encountered some problem, please perform necessary action (tx recovery/restart)
org.neo4j.graphdb.TransactionFailureException: Database has encountered some problem, please perform necessary action (tx recovery/restart)
	at org.neo4j.kernel.impl.factory.ClassicCoreSPI.beginTransaction(ClassicCoreSPI.java:181)
	at org.neo4j.kernel.impl.factory.GraphDatabaseFacade.beginTransactionInternal(GraphDatabaseFacade.java:578)
	at org.neo4j.kernel.impl.factory.GraphDatabaseFacade.beginTransaction(GraphDatabaseFacade.java:383)
	at org.neo4j.server.rest.transactional.TransactionalRequestDispatcher.dispatch(TransactionalRequestDispatcher.java:63)
	at com.sun.jersey.server.impl.uri.rules.HttpMethodRule.accept(HttpMethodRule.java:302)
	at com.sun.jersey.server.impl.uri.rules.RightHandPathRule.accept(RightHandPathRule.java:147)
	at com.sun.jersey.server.impl.uri.rules.ResourceClassRule.accept(ResourceClassRule.java:108)
	at com.sun.jersey.server.impl.uri.rules.RightHandPathRule.accept(RightHandPathRule.java:147)
	at com.sun.jersey.server.impl.uri.rules.RootResourceClassesRule.accept(RootResourceClassesRule.java:84)
	at com.sun.jersey.server.impl.application.WebApplicationImpl._handleRequest(WebApplicationImpl.java:1542)
	at com.sun.jersey.server.impl.application.WebApplicationImpl._handleRequest(WebApplicationImpl.java:1473)
	at com.sun.jersey.server.impl.application.WebApplicationImpl.handleRequest(WebApplicationImpl.java:1419)
	at com.sun.jersey.server.impl.application.WebApplicationImpl.handleRequest(WebApplicationImpl.java:1409)
	at com.sun.jersey.spi.container.servlet.WebComponent.service(WebComponent.java:409)
	at com.sun.jersey.spi.container.servlet.ServletContainer.service(ServletContainer.java:558)
	at com.sun.jersey.spi.container.servlet.ServletContainer.service(ServletContainer.java:733)
	at javax.servlet.http.HttpServlet.service(HttpServlet.java:790)
	at org.eclipse.jetty.servlet.ServletHolder.handle(ServletHolder.java:808)
	at org.eclipse.jetty.servlet.ServletHandler$CachedChain.doFilter(ServletHandler.java:1669)
	at org.neo4j.server.rest.dbms.AuthorizationDisabledFilter.doFilter(AuthorizationDisabledFilter.java:49)
	at org.eclipse.jetty.servlet.ServletHandler$CachedChain.doFilter(ServletHandler.java:1652)
	at org.neo4j.server.rest.web.CollectUserAgentFilter.doFilter(CollectUserAgentFilter.java:69)
	at org.eclipse.jetty.servlet.ServletHandler$CachedChain.doFilter(ServletHandler.java:1652)
	at org.eclipse.jetty.servlet.ServletHandler.doHandle(ServletHandler.java:585)
	at org.eclipse.jetty.server.session.SessionHandler.doHandle(SessionHandler.java:221)
	at org.eclipse.jetty.server.handler.ContextHandler.doHandle(ContextHandler.java:1127)
	at org.eclipse.jetty.servlet.ServletHandler.doScope(ServletHandler.java:515)
	at org.eclipse.jetty.server.session.SessionHandler.doScope(SessionHandler.java:185)
	at org.eclipse.jetty.server.handler.ContextHandler.doScope(ContextHandler.java:1061)
	at org.eclipse.jetty.server.handler.ScopedHandler.handle(ScopedHandler.java:141)
	at org.eclipse.jetty.server.handler.HandlerList.handle(HandlerList.java:52)
	at org.eclipse.jetty.server.handler.HandlerWrapper.handle(HandlerWrapper.java:97)
	at org.eclipse.jetty.server.Server.handle(Server.java:497)
	at org.eclipse.jetty.server.HttpChannel.handle(HttpChannel.java:310)
	at org.eclipse.jetty.server.HttpConnection.onFillable(HttpConnection.java:257)
	at org.eclipse.jetty.io.AbstractConnection$2.run(AbstractConnection.java:540)
	at org.eclipse.jetty.util.thread.QueuedThreadPool.runJob(QueuedThreadPool.java:635)
	at org.eclipse.jetty.util.thread.QueuedThreadPool$3.run(QueuedThreadPool.java:555)
	at java.lang.Thread.run(Thread.java:745)
Caused by: org.neo4j.kernel.api.exceptions.TransactionFailureException: Database has encountered some problem, please perform necessary action (tx recovery/restart)
	at sun.reflect.NativeConstructorAccessorImpl.newInstance0(Native Method)
	at sun.reflect.NativeConstructorAccessorImpl.newInstance(NativeConstructorAccessorImpl.java:62)
	at sun.reflect.DelegatingConstructorAccessorImpl.newInstance(DelegatingConstructorAccessorImpl.java:45)
	at java.lang.reflect.Constructor.newInstance(Constructor.java:423)
	at org.neo4j.kernel.internal.DatabaseHealth.assertHealthy(DatabaseHealth.java:62)
	at org.neo4j.kernel.impl.api.Kernel.newTransaction(Kernel.java:99)
	at org.neo4j.kernel.impl.factory.ClassicCoreSPI.beginTransaction(ClassicCoreSPI.java:173)
	... 38 more
Caused by: java.util.concurrent.ExecutionException: org.neo4j.kernel.impl.store.UnderlyingStorageException: java.nio.file.NoSuchFileException: /Users/mrudulavysyaraju/Desktop/twitter_project/asset_portal/db/neo4j/development/data/databases/graph.db/schema/label/lucene/labelStore/1/write.lock
	at org.neo4j.concurrent.WorkSync.checkFailure(WorkSync.java:135)
	at org.neo4j.concurrent.WorkSync.apply(WorkSync.java:91)
	at org.neo4j.kernel.impl.transaction.command.IndexBatchTransactionApplier.close(IndexBatchTransactionApplier.java:112)
	at org.neo4j.kernel.impl.api.BatchTransactionApplierFacade.close(BatchTransactionApplierFacade.java:70)
	at org.neo4j.kernel.impl.storageengine.impl.recordstorage.RecordStorageEngine.apply(RecordStorageEngine.java:354)
	at org.neo4j.kernel.impl.api.TransactionRepresentationCommitProcess.applyToStore(TransactionRepresentationCommitProcess.java:78)
	at org.neo4j.kernel.impl.api.TransactionRepresentationCommitProcess.commit(TransactionRepresentationCommitProcess.java:51)
	at org.neo4j.kernel.impl.api.KernelTransactionImplementation.commit(KernelTransactionImplementation.java:608)
	at org.neo4j.kernel.impl.api.KernelTransactionImplementation.closeTransaction(KernelTransactionImplementation.java:484)
	at org.neo4j.kernel.api.KernelTransaction.close(KernelTransaction.java:135)
	at org.neo4j.server.rest.transactional.TransitionalTxManagementKernelTransaction.commit(TransitionalTxManagementKernelTransaction.java:97)
	at org.neo4j.server.rest.transactional.TransactionHandle.closeContextAndCollectErrors(TransactionHandle.java:250)
	at org.neo4j.server.rest.transactional.TransactionHandle.commit(TransactionHandle.java:158)
	at org.neo4j.server.rest.web.TransactionalService.lambda$executeStatementsAndCommit$1(TransactionalService.java:216)
	at com.sun.jersey.core.impl.provider.entity.StreamingOutputProvider.writeTo(StreamingOutputProvider.java:71)
	at com.sun.jersey.core.impl.provider.entity.StreamingOutputProvider.writeTo(StreamingOutputProvider.java:57)
	at com.sun.jersey.spi.container.ContainerResponse.write(ContainerResponse.java:302)
	at com.sun.jersey.server.impl.application.WebApplicationImpl._handleRequest(WebApplicationImpl.java:1510)
	... 28 more
Caused by: org.neo4j.kernel.impl.store.UnderlyingStorageException: java.nio.file.NoSuchFileException: /Users/mrudulavysyaraju/Desktop/twitter_project/asset_portal/db/neo4j/development/data/databases/graph.db/schema/label/lucene/labelStore/1/write.lock
	at org.neo4j.kernel.impl.transaction.command.LabelUpdateWork.apply(LabelUpdateWork.java:62)
	at org.neo4j.kernel.impl.transaction.command.LabelUpdateWork.apply(LabelUpdateWork.java:33)
	at org.neo4j.concurrent.WorkSync.doSynchronizedWork(WorkSync.java:184)
	at org.neo4j.concurrent.WorkSync.tryDoWork(WorkSync.java:110)
	... 45 more
Caused by: java.nio.file.NoSuchFileException: /Users/mrudulavysyaraju/Desktop/twitter_project/asset_portal/db/neo4j/development/data/databases/graph.db/schema/label/lucene/labelStore/1/write.lock
	at sun.nio.fs.UnixException.translateToIOException(UnixException.java:86)
	at sun.nio.fs.UnixException.rethrowAsIOException(UnixException.java:102)
	at sun.nio.fs.UnixException.rethrowAsIOException(UnixException.java:107)
	at sun.nio.fs.UnixFileAttributeViews$Basic.readAttributes(UnixFileAttributeViews.java:55)
	at sun.nio.fs.UnixFileSystemProvider.readAttributes(UnixFileSystemProvider.java:144)
	at java.nio.file.Files.readAttributes(Files.java:1737)
	at org.apache.lucene.store.NativeFSLockFactory$NativeFSLock.ensureValid(NativeFSLockFactory.java:177)
	at org.apache.lucene.store.LockValidatingDirectoryWrapper.createOutput(LockValidatingDirectoryWrapper.java:43)
	at org.apache.lucene.store.TrackingDirectoryWrapper.createOutput(TrackingDirectoryWrapper.java:43)
	at org.apache.lucene.codecs.compressing.CompressingStoredFieldsWriter.<init>(CompressingStoredFieldsWriter.java:108)
	at org.apache.lucene.codecs.compressing.CompressingStoredFieldsFormat.fieldsWriter(CompressingStoredFieldsFormat.java:128)
	at org.apache.lucene.codecs.lucene50.Lucene50StoredFieldsFormat.fieldsWriter(Lucene50StoredFieldsFormat.java:183)
	at org.apache.lucene.index.DefaultIndexingChain.initStoredFieldsWriter(DefaultIndexingChain.java:81)
	at org.apache.lucene.index.DefaultIndexingChain.startStoredFields(DefaultIndexingChain.java:279)
	at org.apache.lucene.index.DefaultIndexingChain.processDocument(DefaultIndexingChain.java:316)
	at org.apache.lucene.index.DocumentsWriterPerThread.updateDocument(DocumentsWriterPerThread.java:234)
	at org.apache.lucene.index.DocumentsWriter.updateDocument(DocumentsWriter.java:450)
	at org.apache.lucene.index.IndexWriter.updateDocument(IndexWriter.java:1477)
	at org.neo4j.kernel.api.impl.labelscan.writer.PartitionedLuceneLabelScanWriter.flush(PartitionedLuceneLabelScanWriter.java:157)
	at org.neo4j.kernel.api.impl.labelscan.writer.PartitionedLuceneLabelScanWriter.close(PartitionedLuceneLabelScanWriter.java:99)
	at org.neo4j.kernel.impl.transaction.command.LabelUpdateWork.apply(LabelUpdateWork.java:59)
	... 48 more
2017-02-17 04:05:55.411+0000 WARN  /db/data/schema/constraint Database has encountered some problem, please perform necessary action (tx recovery/restart)
org.neo4j.graphdb.TransactionFailureException: Database has encountered some problem, please perform necessary action (tx recovery/restart)
	at org.neo4j.kernel.impl.factory.ClassicCoreSPI.beginTransaction(ClassicCoreSPI.java:181)
	at org.neo4j.kernel.impl.factory.GraphDatabaseFacade.beginTransactionInternal(GraphDatabaseFacade.java:578)
	at org.neo4j.kernel.impl.factory.GraphDatabaseFacade.beginTransaction(GraphDatabaseFacade.java:383)
	at org.neo4j.server.rest.transactional.TransactionalRequestDispatcher.dispatch(TransactionalRequestDispatcher.java:63)
	at com.sun.jersey.server.impl.uri.rules.HttpMethodRule.accept(HttpMethodRule.java:302)
	at com.sun.jersey.server.impl.uri.rules.RightHandPathRule.accept(RightHandPathRule.java:147)
	at com.sun.jersey.server.impl.uri.rules.ResourceClassRule.accept(ResourceClassRule.java:108)
	at com.sun.jersey.server.impl.uri.rules.RightHandPathRule.accept(RightHandPathRule.java:147)
	at com.sun.jersey.server.impl.uri.rules.RootResourceClassesRule.accept(RootResourceClassesRule.java:84)
	at com.sun.jersey.server.impl.application.WebApplicationImpl._handleRequest(WebApplicationImpl.java:1542)
	at com.sun.jersey.server.impl.application.WebApplicationImpl._handleRequest(WebApplicationImpl.java:1473)
	at com.sun.jersey.server.impl.application.WebApplicationImpl.handleRequest(WebApplicationImpl.java:1419)
	at com.sun.jersey.server.impl.application.WebApplicationImpl.handleRequest(WebApplicationImpl.java:1409)
	at com.sun.jersey.spi.container.servlet.WebComponent.service(WebComponent.java:409)
	at com.sun.jersey.spi.container.servlet.ServletContainer.service(ServletContainer.java:558)
	at com.sun.jersey.spi.container.servlet.ServletContainer.service(ServletContainer.java:733)
	at javax.servlet.http.HttpServlet.service(HttpServlet.java:790)
	at org.eclipse.jetty.servlet.ServletHolder.handle(ServletHolder.java:808)
	at org.eclipse.jetty.servlet.ServletHandler$CachedChain.doFilter(ServletHandler.java:1669)
	at org.neo4j.server.rest.dbms.AuthorizationDisabledFilter.doFilter(AuthorizationDisabledFilter.java:49)
	at org.eclipse.jetty.servlet.ServletHandler$CachedChain.doFilter(ServletHandler.java:1652)
	at org.neo4j.server.rest.web.CollectUserAgentFilter.doFilter(CollectUserAgentFilter.java:69)
	at org.eclipse.jetty.servlet.ServletHandler$CachedChain.doFilter(ServletHandler.java:1652)
	at org.eclipse.jetty.servlet.ServletHandler.doHandle(ServletHandler.java:585)
	at org.eclipse.jetty.server.session.SessionHandler.doHandle(SessionHandler.java:221)
	at org.eclipse.jetty.server.handler.ContextHandler.doHandle(ContextHandler.java:1127)
	at org.eclipse.jetty.servlet.ServletHandler.doScope(ServletHandler.java:515)
	at org.eclipse.jetty.server.session.SessionHandler.doScope(SessionHandler.java:185)
	at org.eclipse.jetty.server.handler.ContextHandler.doScope(ContextHandler.java:1061)
	at org.eclipse.jetty.server.handler.ScopedHandler.handle(ScopedHandler.java:141)
	at org.eclipse.jetty.server.handler.HandlerList.handle(HandlerList.java:52)
	at org.eclipse.jetty.server.handler.HandlerWrapper.handle(HandlerWrapper.java:97)
	at org.eclipse.jetty.server.Server.handle(Server.java:497)
	at org.eclipse.jetty.server.HttpChannel.handle(HttpChannel.java:310)
	at org.eclipse.jetty.server.HttpConnection.onFillable(HttpConnection.java:257)
	at org.eclipse.jetty.io.AbstractConnection$2.run(AbstractConnection.java:540)
	at org.eclipse.jetty.util.thread.QueuedThreadPool.runJob(QueuedThreadPool.java:635)
	at org.eclipse.jetty.util.thread.QueuedThreadPool$3.run(QueuedThreadPool.java:555)
	at java.lang.Thread.run(Thread.java:745)
Caused by: org.neo4j.kernel.api.exceptions.TransactionFailureException: Database has encountered some problem, please perform necessary action (tx recovery/restart)
	at sun.reflect.NativeConstructorAccessorImpl.newInstance0(Native Method)
	at sun.reflect.NativeConstructorAccessorImpl.newInstance(NativeConstructorAccessorImpl.java:62)
	at sun.reflect.DelegatingConstructorAccessorImpl.newInstance(DelegatingConstructorAccessorImpl.java:45)
	at java.lang.reflect.Constructor.newInstance(Constructor.java:423)
	at org.neo4j.kernel.internal.DatabaseHealth.assertHealthy(DatabaseHealth.java:62)
	at org.neo4j.kernel.impl.api.Kernel.newTransaction(Kernel.java:99)
	at org.neo4j.kernel.impl.factory.ClassicCoreSPI.beginTransaction(ClassicCoreSPI.java:173)
	... 38 more
Caused by: java.util.concurrent.ExecutionException: org.neo4j.kernel.impl.store.UnderlyingStorageException: java.nio.file.NoSuchFileException: /Users/mrudulavysyaraju/Desktop/twitter_project/asset_portal/db/neo4j/development/data/databases/graph.db/schema/label/lucene/labelStore/1/write.lock
	at org.neo4j.concurrent.WorkSync.checkFailure(WorkSync.java:135)
	at org.neo4j.concurrent.WorkSync.apply(WorkSync.java:91)
	at org.neo4j.kernel.impl.transaction.command.IndexBatchTransactionApplier.close(IndexBatchTransactionApplier.java:112)
	at org.neo4j.kernel.impl.api.BatchTransactionApplierFacade.close(BatchTransactionApplierFacade.java:70)
	at org.neo4j.kernel.impl.storageengine.impl.recordstorage.RecordStorageEngine.apply(RecordStorageEngine.java:354)
	at org.neo4j.kernel.impl.api.TransactionRepresentationCommitProcess.applyToStore(TransactionRepresentationCommitProcess.java:78)
	at org.neo4j.kernel.impl.api.TransactionRepresentationCommitProcess.commit(TransactionRepresentationCommitProcess.java:51)
	at org.neo4j.kernel.impl.api.KernelTransactionImplementation.commit(KernelTransactionImplementation.java:608)
	at org.neo4j.kernel.impl.api.KernelTransactionImplementation.closeTransaction(KernelTransactionImplementation.java:484)
	at org.neo4j.kernel.api.KernelTransaction.close(KernelTransaction.java:135)
	at org.neo4j.server.rest.transactional.TransitionalTxManagementKernelTransaction.commit(TransitionalTxManagementKernelTransaction.java:97)
	at org.neo4j.server.rest.transactional.TransactionHandle.closeContextAndCollectErrors(TransactionHandle.java:250)
	at org.neo4j.server.rest.transactional.TransactionHandle.commit(TransactionHandle.java:158)
	at org.neo4j.server.rest.web.TransactionalService.lambda$executeStatementsAndCommit$1(TransactionalService.java:216)
	at com.sun.jersey.core.impl.provider.entity.StreamingOutputProvider.writeTo(StreamingOutputProvider.java:71)
	at com.sun.jersey.core.impl.provider.entity.StreamingOutputProvider.writeTo(StreamingOutputProvider.java:57)
	at com.sun.jersey.spi.container.ContainerResponse.write(ContainerResponse.java:302)
	at com.sun.jersey.server.impl.application.WebApplicationImpl._handleRequest(WebApplicationImpl.java:1510)
	... 28 more
Caused by: org.neo4j.kernel.impl.store.UnderlyingStorageException: java.nio.file.NoSuchFileException: /Users/mrudulavysyaraju/Desktop/twitter_project/asset_portal/db/neo4j/development/data/databases/graph.db/schema/label/lucene/labelStore/1/write.lock
	at org.neo4j.kernel.impl.transaction.command.LabelUpdateWork.apply(LabelUpdateWork.java:62)
	at org.neo4j.kernel.impl.transaction.command.LabelUpdateWork.apply(LabelUpdateWork.java:33)
	at org.neo4j.concurrent.WorkSync.doSynchronizedWork(WorkSync.java:184)
	at org.neo4j.concurrent.WorkSync.tryDoWork(WorkSync.java:110)
	... 45 more
Caused by: java.nio.file.NoSuchFileException: /Users/mrudulavysyaraju/Desktop/twitter_project/asset_portal/db/neo4j/development/data/databases/graph.db/schema/label/lucene/labelStore/1/write.lock
	at sun.nio.fs.UnixException.translateToIOException(UnixException.java:86)
	at sun.nio.fs.UnixException.rethrowAsIOException(UnixException.java:102)
	at sun.nio.fs.UnixException.rethrowAsIOException(UnixException.java:107)
	at sun.nio.fs.UnixFileAttributeViews$Basic.readAttributes(UnixFileAttributeViews.java:55)
	at sun.nio.fs.UnixFileSystemProvider.readAttributes(UnixFileSystemProvider.java:144)
	at java.nio.file.Files.readAttributes(Files.java:1737)
	at org.apache.lucene.store.NativeFSLockFactory$NativeFSLock.ensureValid(NativeFSLockFactory.java:177)
	at org.apache.lucene.store.LockValidatingDirectoryWrapper.createOutput(LockValidatingDirectoryWrapper.java:43)
	at org.apache.lucene.store.TrackingDirectoryWrapper.createOutput(TrackingDirectoryWrapper.java:43)
	at org.apache.lucene.codecs.compressing.CompressingStoredFieldsWriter.<init>(CompressingStoredFieldsWriter.java:108)
	at org.apache.lucene.codecs.compressing.CompressingStoredFieldsFormat.fieldsWriter(CompressingStoredFieldsFormat.java:128)
	at org.apache.lucene.codecs.lucene50.Lucene50StoredFieldsFormat.fieldsWriter(Lucene50StoredFieldsFormat.java:183)
	at org.apache.lucene.index.DefaultIndexingChain.initStoredFieldsWriter(DefaultIndexingChain.java:81)
	at org.apache.lucene.index.DefaultIndexingChain.startStoredFields(DefaultIndexingChain.java:279)
	at org.apache.lucene.index.DefaultIndexingChain.processDocument(DefaultIndexingChain.java:316)
	at org.apache.lucene.index.DocumentsWriterPerThread.updateDocument(DocumentsWriterPerThread.java:234)
	at org.apache.lucene.index.DocumentsWriter.updateDocument(DocumentsWriter.java:450)
	at org.apache.lucene.index.IndexWriter.updateDocument(IndexWriter.java:1477)
	at org.neo4j.kernel.api.impl.labelscan.writer.PartitionedLuceneLabelScanWriter.flush(PartitionedLuceneLabelScanWriter.java:157)
	at org.neo4j.kernel.api.impl.labelscan.writer.PartitionedLuceneLabelScanWriter.close(PartitionedLuceneLabelScanWriter.java:99)
	at org.neo4j.kernel.impl.transaction.command.LabelUpdateWork.apply(LabelUpdateWork.java:59)
	... 48 more
2017-02-17 04:06:07.307+0000 ERROR Client triggered an unexpected error [TransactionStartFailed]: Database has encountered some problem, please perform necessary action (tx recovery/restart). See debug.log for more details, reference 95f45345-a5c3-4d1f-83b6-936a91b08b18.
2017-02-17 04:06:11.007+0000 ERROR The RuntimeException could not be mapped to a response, re-throwing to the HTTP container Database has encountered some problem, please perform necessary action (tx recovery/restart)
org.neo4j.graphdb.TransactionFailureException: Database has encountered some problem, please perform necessary action (tx recovery/restart)
	at org.neo4j.kernel.impl.factory.ClassicCoreSPI.beginTransaction(ClassicCoreSPI.java:181)
	at org.neo4j.kernel.impl.factory.GraphDatabaseFacade.beginTransactionInternal(GraphDatabaseFacade.java:578)
	at org.neo4j.kernel.impl.factory.GraphDatabaseFacade.beginTransaction(GraphDatabaseFacade.java:383)
	at org.neo4j.server.rest.transactional.TransactionalRequestDispatcher.dispatch(TransactionalRequestDispatcher.java:63)
	at com.sun.jersey.server.impl.uri.rules.HttpMethodRule.accept(HttpMethodRule.java:302)
	at com.sun.jersey.server.impl.uri.rules.RightHandPathRule.accept(RightHandPathRule.java:147)
	at com.sun.jersey.server.impl.uri.rules.ResourceClassRule.accept(ResourceClassRule.java:108)
	at com.sun.jersey.server.impl.uri.rules.RightHandPathRule.accept(RightHandPathRule.java:147)
	at com.sun.jersey.server.impl.uri.rules.RootResourceClassesRule.accept(RootResourceClassesRule.java:84)
	at com.sun.jersey.server.impl.application.WebApplicationImpl._handleRequest(WebApplicationImpl.java:1542)
	at com.sun.jersey.server.impl.application.WebApplicationImpl._handleRequest(WebApplicationImpl.java:1473)
	at com.sun.jersey.server.impl.application.WebApplicationImpl.handleRequest(WebApplicationImpl.java:1419)
	at com.sun.jersey.server.impl.application.WebApplicationImpl.handleRequest(WebApplicationImpl.java:1409)
	at com.sun.jersey.spi.container.servlet.WebComponent.service(WebComponent.java:409)
	at com.sun.jersey.spi.container.servlet.ServletContainer.service(ServletContainer.java:558)
	at com.sun.jersey.spi.container.servlet.ServletContainer.service(ServletContainer.java:733)
	at javax.servlet.http.HttpServlet.service(HttpServlet.java:790)
	at org.eclipse.jetty.servlet.ServletHolder.handle(ServletHolder.java:808)
	at org.eclipse.jetty.servlet.ServletHandler$CachedChain.doFilter(ServletHandler.java:1669)
	at org.neo4j.server.rest.dbms.AuthorizationDisabledFilter.doFilter(AuthorizationDisabledFilter.java:49)
	at org.eclipse.jetty.servlet.ServletHandler$CachedChain.doFilter(ServletHandler.java:1652)
	at org.neo4j.server.rest.web.CollectUserAgentFilter.doFilter(CollectUserAgentFilter.java:69)
	at org.eclipse.jetty.servlet.ServletHandler$CachedChain.doFilter(ServletHandler.java:1652)
	at org.eclipse.jetty.servlet.ServletHandler.doHandle(ServletHandler.java:585)
	at org.eclipse.jetty.server.session.SessionHandler.doHandle(SessionHandler.java:221)
	at org.eclipse.jetty.server.handler.ContextHandler.doHandle(ContextHandler.java:1127)
	at org.eclipse.jetty.servlet.ServletHandler.doScope(ServletHandler.java:515)
	at org.eclipse.jetty.server.session.SessionHandler.doScope(SessionHandler.java:185)
	at org.eclipse.jetty.server.handler.ContextHandler.doScope(ContextHandler.java:1061)
	at org.eclipse.jetty.server.handler.ScopedHandler.handle(ScopedHandler.java:141)
	at org.eclipse.jetty.server.handler.HandlerList.handle(HandlerList.java:52)
	at org.eclipse.jetty.server.handler.HandlerWrapper.handle(HandlerWrapper.java:97)
	at org.eclipse.jetty.server.Server.handle(Server.java:497)
	at org.eclipse.jetty.server.HttpChannel.handle(HttpChannel.java:310)
	at org.eclipse.jetty.server.HttpConnection.onFillable(HttpConnection.java:257)
	at org.eclipse.jetty.io.AbstractConnection$2.run(AbstractConnection.java:540)
	at org.eclipse.jetty.util.thread.QueuedThreadPool.runJob(QueuedThreadPool.java:635)
	at org.eclipse.jetty.util.thread.QueuedThreadPool$3.run(QueuedThreadPool.java:555)
	at java.lang.Thread.run(Thread.java:745)
Caused by: org.neo4j.kernel.api.exceptions.TransactionFailureException: Database has encountered some problem, please perform necessary action (tx recovery/restart)
	at sun.reflect.NativeConstructorAccessorImpl.newInstance0(Native Method)
	at sun.reflect.NativeConstructorAccessorImpl.newInstance(NativeConstructorAccessorImpl.java:62)
	at sun.reflect.DelegatingConstructorAccessorImpl.newInstance(DelegatingConstructorAccessorImpl.java:45)
	at java.lang.reflect.Constructor.newInstance(Constructor.java:423)
	at org.neo4j.kernel.internal.DatabaseHealth.assertHealthy(DatabaseHealth.java:62)
	at org.neo4j.kernel.impl.api.Kernel.newTransaction(Kernel.java:99)
	at org.neo4j.kernel.impl.factory.ClassicCoreSPI.beginTransaction(ClassicCoreSPI.java:173)
	... 38 more
Caused by: java.util.concurrent.ExecutionException: org.neo4j.kernel.impl.store.UnderlyingStorageException: java.nio.file.NoSuchFileException: /Users/mrudulavysyaraju/Desktop/twitter_project/asset_portal/db/neo4j/development/data/databases/graph.db/schema/label/lucene/labelStore/1/write.lock
	at org.neo4j.concurrent.WorkSync.checkFailure(WorkSync.java:135)
	at org.neo4j.concurrent.WorkSync.apply(WorkSync.java:91)
	at org.neo4j.kernel.impl.transaction.command.IndexBatchTransactionApplier.close(IndexBatchTransactionApplier.java:112)
	at org.neo4j.kernel.impl.api.BatchTransactionApplierFacade.close(BatchTransactionApplierFacade.java:70)
	at org.neo4j.kernel.impl.storageengine.impl.recordstorage.RecordStorageEngine.apply(RecordStorageEngine.java:354)
	at org.neo4j.kernel.impl.api.TransactionRepresentationCommitProcess.applyToStore(TransactionRepresentationCommitProcess.java:78)
	at org.neo4j.kernel.impl.api.TransactionRepresentationCommitProcess.commit(TransactionRepresentationCommitProcess.java:51)
	at org.neo4j.kernel.impl.api.KernelTransactionImplementation.commit(KernelTransactionImplementation.java:608)
	at org.neo4j.kernel.impl.api.KernelTransactionImplementation.closeTransaction(KernelTransactionImplementation.java:484)
	at org.neo4j.kernel.api.KernelTransaction.close(KernelTransaction.java:135)
	at org.neo4j.server.rest.transactional.TransitionalTxManagementKernelTransaction.commit(TransitionalTxManagementKernelTransaction.java:97)
	at org.neo4j.server.rest.transactional.TransactionHandle.closeContextAndCollectErrors(TransactionHandle.java:250)
	at org.neo4j.server.rest.transactional.TransactionHandle.commit(TransactionHandle.java:158)
	at org.neo4j.server.rest.web.TransactionalService.lambda$executeStatementsAndCommit$1(TransactionalService.java:216)
	at com.sun.jersey.core.impl.provider.entity.StreamingOutputProvider.writeTo(StreamingOutputProvider.java:71)
	at com.sun.jersey.core.impl.provider.entity.StreamingOutputProvider.writeTo(StreamingOutputProvider.java:57)
	at com.sun.jersey.spi.container.ContainerResponse.write(ContainerResponse.java:302)
	at com.sun.jersey.server.impl.application.WebApplicationImpl._handleRequest(WebApplicationImpl.java:1510)
	... 28 more
Caused by: org.neo4j.kernel.impl.store.UnderlyingStorageException: java.nio.file.NoSuchFileException: /Users/mrudulavysyaraju/Desktop/twitter_project/asset_portal/db/neo4j/development/data/databases/graph.db/schema/label/lucene/labelStore/1/write.lock
	at org.neo4j.kernel.impl.transaction.command.LabelUpdateWork.apply(LabelUpdateWork.java:62)
	at org.neo4j.kernel.impl.transaction.command.LabelUpdateWork.apply(LabelUpdateWork.java:33)
	at org.neo4j.concurrent.WorkSync.doSynchronizedWork(WorkSync.java:184)
	at org.neo4j.concurrent.WorkSync.tryDoWork(WorkSync.java:110)
	... 45 more
Caused by: java.nio.file.NoSuchFileException: /Users/mrudulavysyaraju/Desktop/twitter_project/asset_portal/db/neo4j/development/data/databases/graph.db/schema/label/lucene/labelStore/1/write.lock
	at sun.nio.fs.UnixException.translateToIOException(UnixException.java:86)
	at sun.nio.fs.UnixException.rethrowAsIOException(UnixException.java:102)
	at sun.nio.fs.UnixException.rethrowAsIOException(UnixException.java:107)
	at sun.nio.fs.UnixFileAttributeViews$Basic.readAttributes(UnixFileAttributeViews.java:55)
	at sun.nio.fs.UnixFileSystemProvider.readAttributes(UnixFileSystemProvider.java:144)
	at java.nio.file.Files.readAttributes(Files.java:1737)
	at org.apache.lucene.store.NativeFSLockFactory$NativeFSLock.ensureValid(NativeFSLockFactory.java:177)
	at org.apache.lucene.store.LockValidatingDirectoryWrapper.createOutput(LockValidatingDirectoryWrapper.java:43)
	at org.apache.lucene.store.TrackingDirectoryWrapper.createOutput(TrackingDirectoryWrapper.java:43)
	at org.apache.lucene.codecs.compressing.CompressingStoredFieldsWriter.<init>(CompressingStoredFieldsWriter.java:108)
	at org.apache.lucene.codecs.compressing.CompressingStoredFieldsFormat.fieldsWriter(CompressingStoredFieldsFormat.java:128)
	at org.apache.lucene.codecs.lucene50.Lucene50StoredFieldsFormat.fieldsWriter(Lucene50StoredFieldsFormat.java:183)
	at org.apache.lucene.index.DefaultIndexingChain.initStoredFieldsWriter(DefaultIndexingChain.java:81)
	at org.apache.lucene.index.DefaultIndexingChain.startStoredFields(DefaultIndexingChain.java:279)
	at org.apache.lucene.index.DefaultIndexingChain.processDocument(DefaultIndexingChain.java:316)
	at org.apache.lucene.index.DocumentsWriterPerThread.updateDocument(DocumentsWriterPerThread.java:234)
	at org.apache.lucene.index.DocumentsWriter.updateDocument(DocumentsWriter.java:450)
	at org.apache.lucene.index.IndexWriter.updateDocument(IndexWriter.java:1477)
	at org.neo4j.kernel.api.impl.labelscan.writer.PartitionedLuceneLabelScanWriter.flush(PartitionedLuceneLabelScanWriter.java:157)
	at org.neo4j.kernel.api.impl.labelscan.writer.PartitionedLuceneLabelScanWriter.close(PartitionedLuceneLabelScanWriter.java:99)
	at org.neo4j.kernel.impl.transaction.command.LabelUpdateWork.apply(LabelUpdateWork.java:59)
	... 48 more
2017-02-17 04:06:11.008+0000 WARN  /db/data/schema/constraint Database has encountered some problem, please perform necessary action (tx recovery/restart)
org.neo4j.graphdb.TransactionFailureException: Database has encountered some problem, please perform necessary action (tx recovery/restart)
	at org.neo4j.kernel.impl.factory.ClassicCoreSPI.beginTransaction(ClassicCoreSPI.java:181)
	at org.neo4j.kernel.impl.factory.GraphDatabaseFacade.beginTransactionInternal(GraphDatabaseFacade.java:578)
	at org.neo4j.kernel.impl.factory.GraphDatabaseFacade.beginTransaction(GraphDatabaseFacade.java:383)
	at org.neo4j.server.rest.transactional.TransactionalRequestDispatcher.dispatch(TransactionalRequestDispatcher.java:63)
	at com.sun.jersey.server.impl.uri.rules.HttpMethodRule.accept(HttpMethodRule.java:302)
	at com.sun.jersey.server.impl.uri.rules.RightHandPathRule.accept(RightHandPathRule.java:147)
	at com.sun.jersey.server.impl.uri.rules.ResourceClassRule.accept(ResourceClassRule.java:108)
	at com.sun.jersey.server.impl.uri.rules.RightHandPathRule.accept(RightHandPathRule.java:147)
	at com.sun.jersey.server.impl.uri.rules.RootResourceClassesRule.accept(RootResourceClassesRule.java:84)
	at com.sun.jersey.server.impl.application.WebApplicationImpl._handleRequest(WebApplicationImpl.java:1542)
	at com.sun.jersey.server.impl.application.WebApplicationImpl._handleRequest(WebApplicationImpl.java:1473)
	at com.sun.jersey.server.impl.application.WebApplicationImpl.handleRequest(WebApplicationImpl.java:1419)
	at com.sun.jersey.server.impl.application.WebApplicationImpl.handleRequest(WebApplicationImpl.java:1409)
	at com.sun.jersey.spi.container.servlet.WebComponent.service(WebComponent.java:409)
	at com.sun.jersey.spi.container.servlet.ServletContainer.service(ServletContainer.java:558)
	at com.sun.jersey.spi.container.servlet.ServletContainer.service(ServletContainer.java:733)
	at javax.servlet.http.HttpServlet.service(HttpServlet.java:790)
	at org.eclipse.jetty.servlet.ServletHolder.handle(ServletHolder.java:808)
	at org.eclipse.jetty.servlet.ServletHandler$CachedChain.doFilter(ServletHandler.java:1669)
	at org.neo4j.server.rest.dbms.AuthorizationDisabledFilter.doFilter(AuthorizationDisabledFilter.java:49)
	at org.eclipse.jetty.servlet.ServletHandler$CachedChain.doFilter(ServletHandler.java:1652)
	at org.neo4j.server.rest.web.CollectUserAgentFilter.doFilter(CollectUserAgentFilter.java:69)
	at org.eclipse.jetty.servlet.ServletHandler$CachedChain.doFilter(ServletHandler.java:1652)
	at org.eclipse.jetty.servlet.ServletHandler.doHandle(ServletHandler.java:585)
	at org.eclipse.jetty.server.session.SessionHandler.doHandle(SessionHandler.java:221)
	at org.eclipse.jetty.server.handler.ContextHandler.doHandle(ContextHandler.java:1127)
	at org.eclipse.jetty.servlet.ServletHandler.doScope(ServletHandler.java:515)
	at org.eclipse.jetty.server.session.SessionHandler.doScope(SessionHandler.java:185)
	at org.eclipse.jetty.server.handler.ContextHandler.doScope(ContextHandler.java:1061)
	at org.eclipse.jetty.server.handler.ScopedHandler.handle(ScopedHandler.java:141)
	at org.eclipse.jetty.server.handler.HandlerList.handle(HandlerList.java:52)
	at org.eclipse.jetty.server.handler.HandlerWrapper.handle(HandlerWrapper.java:97)
	at org.eclipse.jetty.server.Server.handle(Server.java:497)
	at org.eclipse.jetty.server.HttpChannel.handle(HttpChannel.java:310)
	at org.eclipse.jetty.server.HttpConnection.onFillable(HttpConnection.java:257)
	at org.eclipse.jetty.io.AbstractConnection$2.run(AbstractConnection.java:540)
	at org.eclipse.jetty.util.thread.QueuedThreadPool.runJob(QueuedThreadPool.java:635)
	at org.eclipse.jetty.util.thread.QueuedThreadPool$3.run(QueuedThreadPool.java:555)
	at java.lang.Thread.run(Thread.java:745)
Caused by: org.neo4j.kernel.api.exceptions.TransactionFailureException: Database has encountered some problem, please perform necessary action (tx recovery/restart)
	at sun.reflect.NativeConstructorAccessorImpl.newInstance0(Native Method)
	at sun.reflect.NativeConstructorAccessorImpl.newInstance(NativeConstructorAccessorImpl.java:62)
	at sun.reflect.DelegatingConstructorAccessorImpl.newInstance(DelegatingConstructorAccessorImpl.java:45)
	at java.lang.reflect.Constructor.newInstance(Constructor.java:423)
	at org.neo4j.kernel.internal.DatabaseHealth.assertHealthy(DatabaseHealth.java:62)
	at org.neo4j.kernel.impl.api.Kernel.newTransaction(Kernel.java:99)
	at org.neo4j.kernel.impl.factory.ClassicCoreSPI.beginTransaction(ClassicCoreSPI.java:173)
	... 38 more
Caused by: java.util.concurrent.ExecutionException: org.neo4j.kernel.impl.store.UnderlyingStorageException: java.nio.file.NoSuchFileException: /Users/mrudulavysyaraju/Desktop/twitter_project/asset_portal/db/neo4j/development/data/databases/graph.db/schema/label/lucene/labelStore/1/write.lock
	at org.neo4j.concurrent.WorkSync.checkFailure(WorkSync.java:135)
	at org.neo4j.concurrent.WorkSync.apply(WorkSync.java:91)
	at org.neo4j.kernel.impl.transaction.command.IndexBatchTransactionApplier.close(IndexBatchTransactionApplier.java:112)
	at org.neo4j.kernel.impl.api.BatchTransactionApplierFacade.close(BatchTransactionApplierFacade.java:70)
	at org.neo4j.kernel.impl.storageengine.impl.recordstorage.RecordStorageEngine.apply(RecordStorageEngine.java:354)
	at org.neo4j.kernel.impl.api.TransactionRepresentationCommitProcess.applyToStore(TransactionRepresentationCommitProcess.java:78)
	at org.neo4j.kernel.impl.api.TransactionRepresentationCommitProcess.commit(TransactionRepresentationCommitProcess.java:51)
	at org.neo4j.kernel.impl.api.KernelTransactionImplementation.commit(KernelTransactionImplementation.java:608)
	at org.neo4j.kernel.impl.api.KernelTransactionImplementation.closeTransaction(KernelTransactionImplementation.java:484)
	at org.neo4j.kernel.api.KernelTransaction.close(KernelTransaction.java:135)
	at org.neo4j.server.rest.transactional.TransitionalTxManagementKernelTransaction.commit(TransitionalTxManagementKernelTransaction.java:97)
	at org.neo4j.server.rest.transactional.TransactionHandle.closeContextAndCollectErrors(TransactionHandle.java:250)
	at org.neo4j.server.rest.transactional.TransactionHandle.commit(TransactionHandle.java:158)
	at org.neo4j.server.rest.web.TransactionalService.lambda$executeStatementsAndCommit$1(TransactionalService.java:216)
	at com.sun.jersey.core.impl.provider.entity.StreamingOutputProvider.writeTo(StreamingOutputProvider.java:71)
	at com.sun.jersey.core.impl.provider.entity.StreamingOutputProvider.writeTo(StreamingOutputProvider.java:57)
	at com.sun.jersey.spi.container.ContainerResponse.write(ContainerResponse.java:302)
	at com.sun.jersey.server.impl.application.WebApplicationImpl._handleRequest(WebApplicationImpl.java:1510)
	... 28 more
Caused by: org.neo4j.kernel.impl.store.UnderlyingStorageException: java.nio.file.NoSuchFileException: /Users/mrudulavysyaraju/Desktop/twitter_project/asset_portal/db/neo4j/development/data/databases/graph.db/schema/label/lucene/labelStore/1/write.lock
	at org.neo4j.kernel.impl.transaction.command.LabelUpdateWork.apply(LabelUpdateWork.java:62)
	at org.neo4j.kernel.impl.transaction.command.LabelUpdateWork.apply(LabelUpdateWork.java:33)
	at org.neo4j.concurrent.WorkSync.doSynchronizedWork(WorkSync.java:184)
	at org.neo4j.concurrent.WorkSync.tryDoWork(WorkSync.java:110)
	... 45 more
Caused by: java.nio.file.NoSuchFileException: /Users/mrudulavysyaraju/Desktop/twitter_project/asset_portal/db/neo4j/development/data/databases/graph.db/schema/label/lucene/labelStore/1/write.lock
	at sun.nio.fs.UnixException.translateToIOException(UnixException.java:86)
	at sun.nio.fs.UnixException.rethrowAsIOException(UnixException.java:102)
	at sun.nio.fs.UnixException.rethrowAsIOException(UnixException.java:107)
	at sun.nio.fs.UnixFileAttributeViews$Basic.readAttributes(UnixFileAttributeViews.java:55)
	at sun.nio.fs.UnixFileSystemProvider.readAttributes(UnixFileSystemProvider.java:144)
	at java.nio.file.Files.readAttributes(Files.java:1737)
	at org.apache.lucene.store.NativeFSLockFactory$NativeFSLock.ensureValid(NativeFSLockFactory.java:177)
	at org.apache.lucene.store.LockValidatingDirectoryWrapper.createOutput(LockValidatingDirectoryWrapper.java:43)
	at org.apache.lucene.store.TrackingDirectoryWrapper.createOutput(TrackingDirectoryWrapper.java:43)
	at org.apache.lucene.codecs.compressing.CompressingStoredFieldsWriter.<init>(CompressingStoredFieldsWriter.java:108)
	at org.apache.lucene.codecs.compressing.CompressingStoredFieldsFormat.fieldsWriter(CompressingStoredFieldsFormat.java:128)
	at org.apache.lucene.codecs.lucene50.Lucene50StoredFieldsFormat.fieldsWriter(Lucene50StoredFieldsFormat.java:183)
	at org.apache.lucene.index.DefaultIndexingChain.initStoredFieldsWriter(DefaultIndexingChain.java:81)
	at org.apache.lucene.index.DefaultIndexingChain.startStoredFields(DefaultIndexingChain.java:279)
	at org.apache.lucene.index.DefaultIndexingChain.processDocument(DefaultIndexingChain.java:316)
	at org.apache.lucene.index.DocumentsWriterPerThread.updateDocument(DocumentsWriterPerThread.java:234)
	at org.apache.lucene.index.DocumentsWriter.updateDocument(DocumentsWriter.java:450)
	at org.apache.lucene.index.IndexWriter.updateDocument(IndexWriter.java:1477)
	at org.neo4j.kernel.api.impl.labelscan.writer.PartitionedLuceneLabelScanWriter.flush(PartitionedLuceneLabelScanWriter.java:157)
	at org.neo4j.kernel.api.impl.labelscan.writer.PartitionedLuceneLabelScanWriter.close(PartitionedLuceneLabelScanWriter.java:99)
	at org.neo4j.kernel.impl.transaction.command.LabelUpdateWork.apply(LabelUpdateWork.java:59)
	... 48 more
2017-02-17 04:07:08.103+0000 ERROR Client triggered an unexpected error [TransactionStartFailed]: Database has encountered some problem, please perform necessary action (tx recovery/restart). See debug.log for more details, reference 2158fb35-e237-4ad8-b2c4-4cd05ba1d519.
2017-02-17 04:08:09.097+0000 ERROR Client triggered an unexpected error [TransactionStartFailed]: Database has encountered some problem, please perform necessary action (tx recovery/restart). See debug.log for more details, reference b2577815-efa2-4b28-9be6-87bb271120d3.
2017-02-17 04:09:04.304+0000 INFO  Neo4j Server shutdown initiated by request
2017-02-17 04:09:04.322+0000 INFO  Stopping...
2017-02-17 04:09:04.366+0000 INFO  Stopped.
2017-02-17 04:09:06.161+0000 INFO  Starting...
2017-02-17 04:09:07.354+0000 INFO  Bolt enabled on localhost:6998.
2017-02-17 04:09:11.028+0000 INFO  Started.
2017-02-17 04:09:12.340+0000 INFO  Remote interface available at http://localhost:7000/
2017-02-22 21:57:10.656+0000 INFO  Starting...
2017-02-22 21:57:12.431+0000 INFO  Bolt enabled on localhost:7472.
2017-02-22 21:57:17.900+0000 INFO  Started.
2017-02-22 21:57:19.706+0000 INFO  Remote interface available at http://localhost:7474/
2017-02-24 18:46:08.509+0000 INFO  Starting...
2017-02-24 18:46:10.057+0000 INFO  Bolt enabled on localhost:7472.
2017-02-24 18:46:15.346+0000 INFO  Started.
2017-02-24 18:46:16.789+0000 INFO  Remote interface available at http://localhost:7474/
2017-02-24 19:32:57.320+0000 INFO  Neo4j Server shutdown initiated by request
2017-02-24 19:32:57.385+0000 INFO  Stopping...
2017-02-24 19:32:57.454+0000 INFO  Stopped.
2017-02-24 19:45:17.571+0000 INFO  Starting...
2017-02-24 19:45:19.227+0000 INFO  Bolt enabled on localhost:7472.
2017-02-24 19:45:24.245+0000 INFO  Started.
2017-02-24 19:45:26.420+0000 INFO  Remote interface available at http://localhost:7474/
2017-02-25 02:32:45.953+0000 INFO  Neo4j Server shutdown initiated by request
2017-02-27 05:34:19.656+0000 INFO  Starting...
2017-02-27 05:34:20.988+0000 INFO  Bolt enabled on localhost:7472.
2017-02-27 05:34:25.178+0000 INFO  Started.
2017-02-27 05:34:26.591+0000 INFO  Remote interface available at http://localhost:7474/
2017-03-02 23:15:48.706+0000 INFO  Starting...
2017-03-02 23:15:49.854+0000 INFO  Bolt enabled on localhost:7472.
2017-03-02 23:15:54.688+0000 INFO  Started.
2017-03-02 23:15:56.353+0000 INFO  Remote interface available at http://localhost:7474/
